<?xml version="1.0" encoding="UTF-8"?>
<testng-results skipped="0" failed="0" ignored="0" total="1" passed="1">
  <reporter-output>
  </reporter-output>
  <suite name="Suite" duration-ms="4946" started-at="2021-02-24T05:51:49Z" finished-at="2021-02-24T05:51:54Z">
    <groups>
    </groups>
    <test name="Test" duration-ms="4946" started-at="2021-02-24T05:51:49Z" finished-at="2021-02-24T05:51:54Z">
      <class name="test.Testcase1">
        <test-method status="PASS" signature="LaunchBrowser()[pri:0, instance:test.Testcase1@46daef40]" name="LaunchBrowser" is-config="true" duration-ms="1438" started-at="2021-02-24T05:51:49Z" finished-at="2021-02-24T05:51:51Z">
          <reporter-output>
          </reporter-output>
        </test-method> <!-- LaunchBrowser -->
        <test-method status="PASS" signature="LoginTest()[pri:0, instance:test.Testcase1@46daef40]" name="LoginTest" duration-ms="3422" started-at="2021-02-24T05:51:51Z" finished-at="2021-02-24T05:51:54Z">
          <reporter-output>
          </reporter-output>
        </test-method> <!-- LoginTest -->
        <test-method status="PASS" signature="CloseBrowser()[pri:0, instance:test.Testcase1@46daef40]" name="CloseBrowser" is-config="true" duration-ms="70" started-at="2021-02-24T05:51:54Z" finished-at="2021-02-24T05:51:54Z">
          <reporter-output>
          </reporter-output>
        </test-method> <!-- CloseBrowser -->
      </class> <!-- test.Testcase1 -->
    </test> <!-- Test -->
  </suite> <!-- Suite -->
</testng-results>
